running develop
running egg_info
creating arm_controller.egg-info
writing arm_controller.egg-info/PKG-INFO
writing dependency_links to arm_controller.egg-info/dependency_links.txt
writing entry points to arm_controller.egg-info/entry_points.txt
writing requirements to arm_controller.egg-info/requires.txt
writing top-level names to arm_controller.egg-info/top_level.txt
writing manifest file 'arm_controller.egg-info/SOURCES.txt'
reading manifest file 'arm_controller.egg-info/SOURCES.txt'
writing manifest file 'arm_controller.egg-info/SOURCES.txt'
running build_ext
Creating /home/sandy/robot_ws/install/arm_controller/lib/python3.10/site-packages/arm-controller.egg-link (link to .)

Installed /home/sandy/robot_ws/build/arm_controller
running symlink_data
creating /home/sandy/robot_ws/install/arm_controller/share/ament_index
creating /home/sandy/robot_ws/install/arm_controller/share/ament_index/resource_index
creating /home/sandy/robot_ws/install/arm_controller/share/ament_index/resource_index/packages
symbolically linking /home/sandy/robot_ws/build/arm_controller/resource/arm_controller -> /home/sandy/robot_ws/install/arm_controller/share/ament_index/resource_index/packages
symbolically linking /home/sandy/robot_ws/build/arm_controller/package.xml -> /home/sandy/robot_ws/install/arm_controller/share/arm_controller
