[6.387s] Invoking command in '/home/sandy/robot_ws/build/arm_controller': PYTHONPATH=/home/sandy/robot_ws/build/arm_controller/prefix_override:/usr/lib/python3/dist-packages/colcon_core/task/python/colcon_distutils_commands:/home/sandy/robot_ws/install/arm_controller/lib/python3.10/site-packages:${PYTHONPATH} /usr/bin/python3 -W ignore:setup.py install is deprecated -W ignore:easy_install command is deprecated setup.py develop --editable --build-directory /home/sandy/robot_ws/build/arm_controller/build --no-deps symlink_data
[7.341s] running develop
[7.956s] running egg_info
[7.957s] creating arm_controller.egg-info
[7.960s] writing arm_controller.egg-info/PKG-INFO
[7.961s] writing dependency_links to arm_controller.egg-info/dependency_links.txt
[7.991s] writing entry points to arm_controller.egg-info/entry_points.txt
[7.991s] writing requirements to arm_controller.egg-info/requires.txt
[7.992s] writing top-level names to arm_controller.egg-info/top_level.txt
[7.992s] writing manifest file 'arm_controller.egg-info/SOURCES.txt'
[7.999s] reading manifest file 'arm_controller.egg-info/SOURCES.txt'
[7.999s] writing manifest file 'arm_controller.egg-info/SOURCES.txt'
[7.999s] running build_ext
[8.000s] Creating /home/sandy/robot_ws/install/arm_controller/lib/python3.10/site-packages/arm-controller.egg-link (link to .)
[8.000s] 
[8.000s] Installed /home/sandy/robot_ws/build/arm_controller
[8.000s] running symlink_data
[8.000s] creating /home/sandy/robot_ws/install/arm_controller/share/ament_index
[8.003s] creating /home/sandy/robot_ws/install/arm_controller/share/ament_index/resource_index
[8.003s] creating /home/sandy/robot_ws/install/arm_controller/share/ament_index/resource_index/packages
[8.006s] symbolically linking /home/sandy/robot_ws/build/arm_controller/resource/arm_controller -> /home/sandy/robot_ws/install/arm_controller/share/ament_index/resource_index/packages
[8.006s] symbolically linking /home/sandy/robot_ws/build/arm_controller/package.xml -> /home/sandy/robot_ws/install/arm_controller/share/arm_controller
[8.698s] Invoked command in '/home/sandy/robot_ws/build/arm_controller' returned '0': PYTHONPATH=/home/sandy/robot_ws/build/arm_controller/prefix_override:/usr/lib/python3/dist-packages/colcon_core/task/python/colcon_distutils_commands:/home/sandy/robot_ws/install/arm_controller/lib/python3.10/site-packages:${PYTHONPATH} /usr/bin/python3 -W ignore:setup.py install is deprecated -W ignore:easy_install command is deprecated setup.py develop --editable --build-directory /home/sandy/robot_ws/build/arm_controller/build --no-deps symlink_data
