[0.636s] Invoking command in '/home/sandy/robot_ws/build/robot_interfaces': CMAKE_PREFIX_PATH=/opt/ros/humble /usr/bin/cmake /home/sandy/robot_ws/src/robot_interfaces -DAMENT_CMAKE_SYMLINK_INSTALL=1 -DCMAKE_INSTALL_PREFIX=/home/sandy/robot_ws/install/robot_interfaces
[1.189s] -- The C compiler identification is GNU 11.4.0
[1.273s] -- The CXX compiler identification is GNU 11.4.0
[1.294s] -- Detecting C compiler ABI info
[1.426s] -- Detecting C compiler ABI info - done
[1.445s] -- Check for working C compiler: /usr/bin/cc - skipped
[1.446s] -- Detecting C compile features
[1.447s] -- Detecting C compile features - done
[1.454s] -- Detecting CXX compiler ABI info
[1.630s] -- Detecting CXX compiler ABI info - done
[1.664s] -- Check for working CXX compiler: /usr/bin/c++ - skipped
[1.665s] -- Detecting CXX compile features
[1.667s] -- Detecting CXX compile features - done
[1.672s] -- Found ament_cmake: 1.3.12 (/opt/ros/humble/share/ament_cmake/cmake)
[2.002s] -- Found Python3: /usr/bin/python3 (found version "3.10.12") found components: Interpreter 
[2.157s] -- Override CMake install command with custom implementation using symlinks instead of copying resources
[2.206s] -- Found ament_lint_auto: 0.12.14 (/opt/ros/humble/share/ament_lint_auto/cmake)
[2.379s] -- Added test 'lint_cmake' to check CMake code style
[2.381s] -- Added test 'xmllint' to check XML markup files
[2.384s] -- Configuring done
[2.389s] -- Generating done
[2.392s] -- Build files have been written to: /home/sandy/robot_ws/build/robot_interfaces
[2.400s] Invoked command in '/home/sandy/robot_ws/build/robot_interfaces' returned '0': CMAKE_PREFIX_PATH=/opt/ros/humble /usr/bin/cmake /home/sandy/robot_ws/src/robot_interfaces -DAMENT_CMAKE_SYMLINK_INSTALL=1 -DCMAKE_INSTALL_PREFIX=/home/sandy/robot_ws/install/robot_interfaces
[2.403s] Invoking command in '/home/sandy/robot_ws/build/robot_interfaces': CMAKE_PREFIX_PATH=/opt/ros/humble /usr/bin/cmake --build /home/sandy/robot_ws/build/robot_interfaces -- -j8 -l8
[2.475s] Invoked command in '/home/sandy/robot_ws/build/robot_interfaces' returned '0': CMAKE_PREFIX_PATH=/opt/ros/humble /usr/bin/cmake --build /home/sandy/robot_ws/build/robot_interfaces -- -j8 -l8
[2.479s] Invoking command in '/home/sandy/robot_ws/build/robot_interfaces': CMAKE_PREFIX_PATH=/opt/ros/humble /usr/bin/cmake --install /home/sandy/robot_ws/build/robot_interfaces
[2.490s] -- Install configuration: ""
[2.491s] -- Execute custom install script
[2.492s] -- Symlinking: /home/sandy/robot_ws/install/robot_interfaces/share/ament_index/resource_index/package_run_dependencies/robot_interfaces
[2.507s] -- Symlinking: /home/sandy/robot_ws/install/robot_interfaces/share/ament_index/resource_index/parent_prefix_path/robot_interfaces
[2.522s] -- Symlinking: /home/sandy/robot_ws/install/robot_interfaces/share/robot_interfaces/environment/ament_prefix_path.sh
[2.544s] -- Symlinking: /home/sandy/robot_ws/install/robot_interfaces/share/robot_interfaces/environment/ament_prefix_path.dsv
[2.560s] -- Symlinking: /home/sandy/robot_ws/install/robot_interfaces/share/robot_interfaces/environment/path.sh
[2.574s] -- Symlinking: /home/sandy/robot_ws/install/robot_interfaces/share/robot_interfaces/environment/path.dsv
[2.588s] -- Symlinking: /home/sandy/robot_ws/install/robot_interfaces/share/robot_interfaces/local_setup.bash
[2.603s] -- Symlinking: /home/sandy/robot_ws/install/robot_interfaces/share/robot_interfaces/local_setup.sh
[2.619s] -- Symlinking: /home/sandy/robot_ws/install/robot_interfaces/share/robot_interfaces/local_setup.zsh
[2.634s] -- Symlinking: /home/sandy/robot_ws/install/robot_interfaces/share/robot_interfaces/local_setup.dsv
[2.652s] -- Symlinking: /home/sandy/robot_ws/install/robot_interfaces/share/robot_interfaces/package.dsv
[2.669s] -- Symlinking: /home/sandy/robot_ws/install/robot_interfaces/share/ament_index/resource_index/packages/robot_interfaces
[2.684s] -- Symlinking: /home/sandy/robot_ws/install/robot_interfaces/share/robot_interfaces/cmake/robot_interfacesConfig.cmake
[2.698s] -- Symlinking: /home/sandy/robot_ws/install/robot_interfaces/share/robot_interfaces/cmake/robot_interfacesConfig-version.cmake
[2.713s] -- Symlinking: /home/sandy/robot_ws/install/robot_interfaces/share/robot_interfaces/package.xml
[2.732s] Invoked command in '/home/sandy/robot_ws/build/robot_interfaces' returned '0': CMAKE_PREFIX_PATH=/opt/ros/humble /usr/bin/cmake --install /home/sandy/robot_ws/build/robot_interfaces
