running develop
running egg_info
creating face_recognition.egg-info
writing face_recognition.egg-info/PKG-INFO
writing dependency_links to face_recognition.egg-info/dependency_links.txt
writing entry points to face_recognition.egg-info/entry_points.txt
writing requirements to face_recognition.egg-info/requires.txt
writing top-level names to face_recognition.egg-info/top_level.txt
writing manifest file 'face_recognition.egg-info/SOURCES.txt'
reading manifest file 'face_recognition.egg-info/SOURCES.txt'
writing manifest file 'face_recognition.egg-info/SOURCES.txt'
running build_ext
Creating /home/sandy/robot_ws/install/face_recognition/lib/python3.10/site-packages/face-recognition.egg-link (link to .)

Installed /home/sandy/robot_ws/build/face_recognition
running symlink_data
creating /home/sandy/robot_ws/install/face_recognition/share/ament_index
creating /home/sandy/robot_ws/install/face_recognition/share/ament_index/resource_index
creating /home/sandy/robot_ws/install/face_recognition/share/ament_index/resource_index/packages
symbolically linking /home/sandy/robot_ws/build/face_recognition/resource/face_recognition -> /home/sandy/robot_ws/install/face_recognition/share/ament_index/resource_index/packages
symbolically linking /home/sandy/robot_ws/build/face_recognition/package.xml -> /home/sandy/robot_ws/install/face_recognition/share/face_recognition
