[6.254s] Invoking command in '/home/sandy/robot_ws/build/face_recognition': PYTHONPATH=/home/sandy/robot_ws/build/face_recognition/prefix_override:/usr/lib/python3/dist-packages/colcon_core/task/python/colcon_distutils_commands:/home/sandy/robot_ws/install/face_recognition/lib/python3.10/site-packages:${PYTHONPATH} /usr/bin/python3 -W ignore:setup.py install is deprecated -W ignore:easy_install command is deprecated setup.py develop --editable --build-directory /home/sandy/robot_ws/build/face_recognition/build --no-deps symlink_data
[7.217s] running develop
[7.878s] running egg_info
[7.878s] creating face_recognition.egg-info
[7.879s] writing face_recognition.egg-info/PKG-INFO
[7.879s] writing dependency_links to face_recognition.egg-info/dependency_links.txt
[7.879s] writing entry points to face_recognition.egg-info/entry_points.txt
[7.879s] writing requirements to face_recognition.egg-info/requires.txt
[7.879s] writing top-level names to face_recognition.egg-info/top_level.txt
[7.880s] writing manifest file 'face_recognition.egg-info/SOURCES.txt'
[7.880s] reading manifest file 'face_recognition.egg-info/SOURCES.txt'
[7.881s] writing manifest file 'face_recognition.egg-info/SOURCES.txt'
[7.887s] running build_ext
[7.887s] Creating /home/sandy/robot_ws/install/face_recognition/lib/python3.10/site-packages/face-recognition.egg-link (link to .)
[7.888s] 
[7.888s] Installed /home/sandy/robot_ws/build/face_recognition
[7.888s] running symlink_data
[7.889s] creating /home/sandy/robot_ws/install/face_recognition/share/ament_index
[7.889s] creating /home/sandy/robot_ws/install/face_recognition/share/ament_index/resource_index
[7.892s] creating /home/sandy/robot_ws/install/face_recognition/share/ament_index/resource_index/packages
[7.893s] symbolically linking /home/sandy/robot_ws/build/face_recognition/resource/face_recognition -> /home/sandy/robot_ws/install/face_recognition/share/ament_index/resource_index/packages
[7.893s] symbolically linking /home/sandy/robot_ws/build/face_recognition/package.xml -> /home/sandy/robot_ws/install/face_recognition/share/face_recognition
[8.586s] Invoked command in '/home/sandy/robot_ws/build/face_recognition' returned '0': PYTHONPATH=/home/sandy/robot_ws/build/face_recognition/prefix_override:/usr/lib/python3/dist-packages/colcon_core/task/python/colcon_distutils_commands:/home/sandy/robot_ws/install/face_recognition/lib/python3.10/site-packages:${PYTHONPATH} /usr/bin/python3 -W ignore:setup.py install is deprecated -W ignore:easy_install command is deprecated setup.py develop --editable --build-directory /home/sandy/robot_ws/build/face_recognition/build --no-deps symlink_data
