running develop
running egg_info
creating compute_manager.egg-info
writing compute_manager.egg-info/PKG-INFO
writing dependency_links to compute_manager.egg-info/dependency_links.txt
writing entry points to compute_manager.egg-info/entry_points.txt
writing requirements to compute_manager.egg-info/requires.txt
writing top-level names to compute_manager.egg-info/top_level.txt
writing manifest file 'compute_manager.egg-info/SOURCES.txt'
reading manifest file 'compute_manager.egg-info/SOURCES.txt'
writing manifest file 'compute_manager.egg-info/SOURCES.txt'
running build_ext
Creating /home/sandy/robot_ws/install/compute_manager/lib/python3.10/site-packages/compute-manager.egg-link (link to .)

Installed /home/sandy/robot_ws/build/compute_manager
running symlink_data
creating /home/sandy/robot_ws/install/compute_manager/share/ament_index
creating /home/sandy/robot_ws/install/compute_manager/share/ament_index/resource_index
creating /home/sandy/robot_ws/install/compute_manager/share/ament_index/resource_index/packages
symbolically linking /home/sandy/robot_ws/build/compute_manager/resource/compute_manager -> /home/sandy/robot_ws/install/compute_manager/share/ament_index/resource_index/packages
symbolically linking /home/sandy/robot_ws/build/compute_manager/package.xml -> /home/sandy/robot_ws/install/compute_manager/share/compute_manager
