[6.265s] Invoking command in '/home/sandy/robot_ws/build/compute_manager': PYTHONPATH=/home/sandy/robot_ws/build/compute_manager/prefix_override:/usr/lib/python3/dist-packages/colcon_core/task/python/colcon_distutils_commands:/home/sandy/robot_ws/install/compute_manager/lib/python3.10/site-packages:${PYTHONPATH} /usr/bin/python3 -W ignore:setup.py install is deprecated -W ignore:easy_install command is deprecated setup.py develop --editable --build-directory /home/sandy/robot_ws/build/compute_manager/build --no-deps symlink_data
[7.185s] running develop
[7.767s] running egg_info
[7.767s] creating compute_manager.egg-info
[7.767s] writing compute_manager.egg-info/PKG-INFO
[7.767s] writing dependency_links to compute_manager.egg-info/dependency_links.txt
[7.768s] writing entry points to compute_manager.egg-info/entry_points.txt
[7.768s] writing requirements to compute_manager.egg-info/requires.txt
[7.768s] writing top-level names to compute_manager.egg-info/top_level.txt
[7.768s] writing manifest file 'compute_manager.egg-info/SOURCES.txt'
[7.771s] reading manifest file 'compute_manager.egg-info/SOURCES.txt'
[7.775s] writing manifest file 'compute_manager.egg-info/SOURCES.txt'
[7.783s] running build_ext
[7.783s] Creating /home/sandy/robot_ws/install/compute_manager/lib/python3.10/site-packages/compute-manager.egg-link (link to .)
[7.784s] 
[7.785s] Installed /home/sandy/robot_ws/build/compute_manager
[7.785s] running symlink_data
[7.785s] creating /home/sandy/robot_ws/install/compute_manager/share/ament_index
[7.785s] creating /home/sandy/robot_ws/install/compute_manager/share/ament_index/resource_index
[7.786s] creating /home/sandy/robot_ws/install/compute_manager/share/ament_index/resource_index/packages
[7.786s] symbolically linking /home/sandy/robot_ws/build/compute_manager/resource/compute_manager -> /home/sandy/robot_ws/install/compute_manager/share/ament_index/resource_index/packages
[7.786s] symbolically linking /home/sandy/robot_ws/build/compute_manager/package.xml -> /home/sandy/robot_ws/install/compute_manager/share/compute_manager
[7.949s] Invoked command in '/home/sandy/robot_ws/build/compute_manager' returned '0': PYTHONPATH=/home/sandy/robot_ws/build/compute_manager/prefix_override:/usr/lib/python3/dist-packages/colcon_core/task/python/colcon_distutils_commands:/home/sandy/robot_ws/install/compute_manager/lib/python3.10/site-packages:${PYTHONPATH} /usr/bin/python3 -W ignore:setup.py install is deprecated -W ignore:easy_install command is deprecated setup.py develop --editable --build-directory /home/sandy/robot_ws/build/compute_manager/build --no-deps symlink_data
