[0.780s] Invoking command in '/home/sandy/robot_ws/build/behavior_tree': CMAKE_PREFIX_PATH=/opt/ros/humble /usr/bin/cmake /home/sandy/robot_ws/src/behavior_tree -DAMENT_CMAKE_SYMLINK_INSTALL=1 -DCMAKE_INSTALL_PREFIX=/home/sandy/robot_ws/install/behavior_tree
[4.111s] -- The C compiler identification is GNU 11.4.0
[4.111s] -- The CXX compiler identification is GNU 11.4.0
[4.112s] -- Detecting C compiler ABI info
[4.112s] -- Detecting C compiler ABI info - done
[4.114s] -- Check for working C compiler: /usr/bin/cc - skipped
[4.115s] -- Detecting C compile features
[4.116s] -- Detecting C compile features - done
[4.116s] -- Detecting CXX compiler ABI info
[4.117s] -- Detecting CXX compiler ABI info - done
[4.117s] -- Check for working CXX compiler: /usr/bin/c++ - skipped
[4.117s] -- Detecting CXX compile features
[4.117s] -- Detecting CXX compile features - done
[4.118s] -- Found ament_cmake: 1.3.12 (/opt/ros/humble/share/ament_cmake/cmake)
[4.118s] -- Found Python3: /usr/bin/python3 (found version "3.10.12") found components: Interpreter 
[4.398s] -- Override CMake install command with custom implementation using symlinks instead of copying resources
[4.588s] -- Found ament_lint_auto: 0.12.14 (/opt/ros/humble/share/ament_lint_auto/cmake)
[5.597s] -- Added test 'flake8' to check Python code syntax and style conventions
[5.599s] -- Added test 'lint_cmake' to check CMake code style
[5.602s] -- Added test 'pep257' to check Python code against some of the docstring style conventions in PEP 257
[5.607s] -- Added test 'xmllint' to check XML markup files
[5.613s] -- Configuring done
[5.621s] -- Generating done
[5.626s] -- Build files have been written to: /home/sandy/robot_ws/build/behavior_tree
[5.655s] Invoked command in '/home/sandy/robot_ws/build/behavior_tree' returned '0': CMAKE_PREFIX_PATH=/opt/ros/humble /usr/bin/cmake /home/sandy/robot_ws/src/behavior_tree -DAMENT_CMAKE_SYMLINK_INSTALL=1 -DCMAKE_INSTALL_PREFIX=/home/sandy/robot_ws/install/behavior_tree
[5.661s] Invoking command in '/home/sandy/robot_ws/build/behavior_tree': CMAKE_PREFIX_PATH=/opt/ros/humble /usr/bin/cmake --build /home/sandy/robot_ws/build/behavior_tree -- -j8 -l8
[5.732s] Invoked command in '/home/sandy/robot_ws/build/behavior_tree' returned '0': CMAKE_PREFIX_PATH=/opt/ros/humble /usr/bin/cmake --build /home/sandy/robot_ws/build/behavior_tree -- -j8 -l8
[5.751s] Invoking command in '/home/sandy/robot_ws/build/behavior_tree': CMAKE_PREFIX_PATH=/opt/ros/humble /usr/bin/cmake --install /home/sandy/robot_ws/build/behavior_tree
[5.772s] -- Install configuration: ""
[5.773s] -- Execute custom install script
[5.774s] -- Symlinking: /home/sandy/robot_ws/install/behavior_tree/share/ament_index/resource_index/package_run_dependencies/behavior_tree
[5.790s] -- Symlinking: /home/sandy/robot_ws/install/behavior_tree/share/ament_index/resource_index/parent_prefix_path/behavior_tree
[5.805s] -- Symlinking: /home/sandy/robot_ws/install/behavior_tree/share/behavior_tree/environment/ament_prefix_path.sh
[5.820s] -- Symlinking: /home/sandy/robot_ws/install/behavior_tree/share/behavior_tree/environment/ament_prefix_path.dsv
[5.834s] -- Symlinking: /home/sandy/robot_ws/install/behavior_tree/share/behavior_tree/environment/path.sh
[5.849s] -- Symlinking: /home/sandy/robot_ws/install/behavior_tree/share/behavior_tree/environment/path.dsv
[5.871s] -- Symlinking: /home/sandy/robot_ws/install/behavior_tree/share/behavior_tree/local_setup.bash
[5.891s] -- Symlinking: /home/sandy/robot_ws/install/behavior_tree/share/behavior_tree/local_setup.sh
[5.905s] -- Symlinking: /home/sandy/robot_ws/install/behavior_tree/share/behavior_tree/local_setup.zsh
[5.919s] -- Symlinking: /home/sandy/robot_ws/install/behavior_tree/share/behavior_tree/local_setup.dsv
[5.935s] -- Symlinking: /home/sandy/robot_ws/install/behavior_tree/share/behavior_tree/package.dsv
[5.956s] -- Symlinking: /home/sandy/robot_ws/install/behavior_tree/share/ament_index/resource_index/packages/behavior_tree
[5.973s] -- Symlinking: /home/sandy/robot_ws/install/behavior_tree/share/behavior_tree/cmake/behavior_treeConfig.cmake
[5.988s] -- Symlinking: /home/sandy/robot_ws/install/behavior_tree/share/behavior_tree/cmake/behavior_treeConfig-version.cmake
[6.004s] -- Symlinking: /home/sandy/robot_ws/install/behavior_tree/share/behavior_tree/package.xml
[6.035s] Invoked command in '/home/sandy/robot_ws/build/behavior_tree' returned '0': CMAKE_PREFIX_PATH=/opt/ros/humble /usr/bin/cmake --install /home/sandy/robot_ws/build/behavior_tree
