running develop
running egg_info
creating robot_base.egg-info
writing robot_base.egg-info/PKG-INFO
writing dependency_links to robot_base.egg-info/dependency_links.txt
writing entry points to robot_base.egg-info/entry_points.txt
writing requirements to robot_base.egg-info/requires.txt
writing top-level names to robot_base.egg-info/top_level.txt
writing manifest file 'robot_base.egg-info/SOURCES.txt'
reading manifest file 'robot_base.egg-info/SOURCES.txt'
writing manifest file 'robot_base.egg-info/SOURCES.txt'
running build_ext
Creating /home/sandy/robot_ws/install/robot_base/lib/python3.10/site-packages/robot-base.egg-link (link to .)

Installed /home/sandy/robot_ws/build/robot_base
running symlink_data
creating /home/sandy/robot_ws/install/robot_base/share/ament_index
creating /home/sandy/robot_ws/install/robot_base/share/ament_index/resource_index
creating /home/sandy/robot_ws/install/robot_base/share/ament_index/resource_index/packages
symbolically linking /home/sandy/robot_ws/build/robot_base/resource/robot_base -> /home/sandy/robot_ws/install/robot_base/share/ament_index/resource_index/packages
symbolically linking /home/sandy/robot_ws/build/robot_base/package.xml -> /home/sandy/robot_ws/install/robot_base/share/robot_base
