[2.049s] Invoking command in '/home/sandy/robot_ws/build/robot_bringup': PYTHONPATH=/home/sandy/robot_ws/build/robot_bringup/prefix_override:/usr/lib/python3/dist-packages/colcon_core/task/python/colcon_distutils_commands:/home/sandy/robot_ws/install/robot_bringup/lib/python3.10/site-packages:${PYTHONPATH} /usr/bin/python3 -W ignore:setup.py install is deprecated -W ignore:easy_install command is deprecated setup.py develop --editable --build-directory /home/sandy/robot_ws/build/robot_bringup/build --no-deps symlink_data
[2.624s] running develop
[2.988s] running egg_info
[2.988s] creating robot_bringup.egg-info
[2.988s] writing robot_bringup.egg-info/PKG-INFO
[2.989s] writing dependency_links to robot_bringup.egg-info/dependency_links.txt
[2.989s] writing entry points to robot_bringup.egg-info/entry_points.txt
[2.989s] writing requirements to robot_bringup.egg-info/requires.txt
[2.990s] writing top-level names to robot_bringup.egg-info/top_level.txt
[2.990s] writing manifest file 'robot_bringup.egg-info/SOURCES.txt'
[2.993s] reading manifest file 'robot_bringup.egg-info/SOURCES.txt'
[2.994s] writing manifest file 'robot_bringup.egg-info/SOURCES.txt'
[2.997s] running build_ext
[2.997s] Creating /home/sandy/robot_ws/install/robot_bringup/lib/python3.10/site-packages/robot-bringup.egg-link (link to .)
[2.999s] 
[2.999s] Installed /home/sandy/robot_ws/build/robot_bringup
[2.999s] running symlink_data
[3.000s] creating /home/sandy/robot_ws/install/robot_bringup/share/ament_index
[3.000s] creating /home/sandy/robot_ws/install/robot_bringup/share/ament_index/resource_index
[3.000s] creating /home/sandy/robot_ws/install/robot_bringup/share/ament_index/resource_index/packages
[3.000s] symbolically linking /home/sandy/robot_ws/build/robot_bringup/resource/robot_bringup -> /home/sandy/robot_ws/install/robot_bringup/share/ament_index/resource_index/packages
[3.000s] symbolically linking /home/sandy/robot_ws/build/robot_bringup/package.xml -> /home/sandy/robot_ws/install/robot_bringup/share/robot_bringup
[3.056s] Invoked command in '/home/sandy/robot_ws/build/robot_bringup' returned '0': PYTHONPATH=/home/sandy/robot_ws/build/robot_bringup/prefix_override:/usr/lib/python3/dist-packages/colcon_core/task/python/colcon_distutils_commands:/home/sandy/robot_ws/install/robot_bringup/lib/python3.10/site-packages:${PYTHONPATH} /usr/bin/python3 -W ignore:setup.py install is deprecated -W ignore:easy_install command is deprecated setup.py develop --editable --build-directory /home/sandy/robot_ws/build/robot_bringup/build --no-deps symlink_data
