running develop
running egg_info
creating imu_mpu6050.egg-info
writing imu_mpu6050.egg-info/PKG-INFO
writing dependency_links to imu_mpu6050.egg-info/dependency_links.txt
writing entry points to imu_mpu6050.egg-info/entry_points.txt
writing requirements to imu_mpu6050.egg-info/requires.txt
writing top-level names to imu_mpu6050.egg-info/top_level.txt
writing manifest file 'imu_mpu6050.egg-info/SOURCES.txt'
reading manifest file 'imu_mpu6050.egg-info/SOURCES.txt'
writing manifest file 'imu_mpu6050.egg-info/SOURCES.txt'
running build_ext
Creating /home/sandy/robot_ws/install/imu_mpu6050/lib/python3.10/site-packages/imu-mpu6050.egg-link (link to .)

Installed /home/sandy/robot_ws/build/imu_mpu6050
running symlink_data
creating /home/sandy/robot_ws/install/imu_mpu6050/share/ament_index
creating /home/sandy/robot_ws/install/imu_mpu6050/share/ament_index/resource_index
creating /home/sandy/robot_ws/install/imu_mpu6050/share/ament_index/resource_index/packages
symbolically linking /home/sandy/robot_ws/build/imu_mpu6050/resource/imu_mpu6050 -> /home/sandy/robot_ws/install/imu_mpu6050/share/ament_index/resource_index/packages
symbolically linking /home/sandy/robot_ws/build/imu_mpu6050/package.xml -> /home/sandy/robot_ws/install/imu_mpu6050/share/imu_mpu6050
