[1.147s] Invoking command in '/home/sandy/robot_ws/build/visual_slam_bridge': CMAKE_PREFIX_PATH=/opt/ros/humble /usr/bin/cmake /home/sandy/robot_ws/src/visual_slam_bridge -DAMENT_CMAKE_SYMLINK_INSTALL=1 -DCMAKE_INSTALL_PREFIX=/home/sandy/robot_ws/install/visual_slam_bridge
[1.271s] -- The C compiler identification is GNU 11.4.0
[1.440s] -- The CXX compiler identification is GNU 11.4.0
[1.460s] -- Detecting C compiler ABI info
[1.614s] -- Detecting C compiler ABI info - done
[1.629s] -- Check for working C compiler: /usr/bin/cc - skipped
[1.630s] -- Detecting C compile features
[1.631s] -- Detecting C compile features - done
[1.639s] -- Detecting CXX compiler ABI info
[1.788s] -- Detecting CXX compiler ABI info - done
[1.822s] -- Check for working CXX compiler: /usr/bin/c++ - skipped
[1.823s] -- Detecting CXX compile features
[1.825s] -- Detecting CXX compile features - done
[1.830s] -- Found ament_cmake: 1.3.12 (/opt/ros/humble/share/ament_cmake/cmake)
[2.165s] -- Found Python3: /usr/bin/python3 (found version "3.10.12") found components: Interpreter 
[2.304s] -- Override CMake install command with custom implementation using symlinks instead of copying resources
[2.347s] -- Found ament_lint_auto: 0.12.14 (/opt/ros/humble/share/ament_lint_auto/cmake)
[2.534s] -- Added test 'flake8' to check Python code syntax and style conventions
[2.536s] -- Added test 'lint_cmake' to check CMake code style
[2.538s] -- Added test 'pep257' to check Python code against some of the docstring style conventions in PEP 257
[2.541s] -- Added test 'xmllint' to check XML markup files
[2.545s] -- Configuring done
[2.553s] -- Generating done
[2.558s] -- Build files have been written to: /home/sandy/robot_ws/build/visual_slam_bridge
[2.566s] Invoked command in '/home/sandy/robot_ws/build/visual_slam_bridge' returned '0': CMAKE_PREFIX_PATH=/opt/ros/humble /usr/bin/cmake /home/sandy/robot_ws/src/visual_slam_bridge -DAMENT_CMAKE_SYMLINK_INSTALL=1 -DCMAKE_INSTALL_PREFIX=/home/sandy/robot_ws/install/visual_slam_bridge
[2.569s] Invoking command in '/home/sandy/robot_ws/build/visual_slam_bridge': CMAKE_PREFIX_PATH=/opt/ros/humble /usr/bin/cmake --build /home/sandy/robot_ws/build/visual_slam_bridge -- -j8 -l8
[2.638s] Invoked command in '/home/sandy/robot_ws/build/visual_slam_bridge' returned '0': CMAKE_PREFIX_PATH=/opt/ros/humble /usr/bin/cmake --build /home/sandy/robot_ws/build/visual_slam_bridge -- -j8 -l8
[2.641s] Invoking command in '/home/sandy/robot_ws/build/visual_slam_bridge': CMAKE_PREFIX_PATH=/opt/ros/humble /usr/bin/cmake --install /home/sandy/robot_ws/build/visual_slam_bridge
[2.653s] -- Install configuration: ""
[2.654s] -- Execute custom install script
[2.655s] -- Symlinking: /home/sandy/robot_ws/install/visual_slam_bridge/share/ament_index/resource_index/package_run_dependencies/visual_slam_bridge
[2.670s] -- Symlinking: /home/sandy/robot_ws/install/visual_slam_bridge/share/ament_index/resource_index/parent_prefix_path/visual_slam_bridge
[2.685s] -- Symlinking: /home/sandy/robot_ws/install/visual_slam_bridge/share/visual_slam_bridge/environment/ament_prefix_path.sh
[2.702s] -- Symlinking: /home/sandy/robot_ws/install/visual_slam_bridge/share/visual_slam_bridge/environment/ament_prefix_path.dsv
[2.717s] -- Symlinking: /home/sandy/robot_ws/install/visual_slam_bridge/share/visual_slam_bridge/environment/path.sh
[2.732s] -- Symlinking: /home/sandy/robot_ws/install/visual_slam_bridge/share/visual_slam_bridge/environment/path.dsv
[2.747s] -- Symlinking: /home/sandy/robot_ws/install/visual_slam_bridge/share/visual_slam_bridge/local_setup.bash
[2.762s] -- Symlinking: /home/sandy/robot_ws/install/visual_slam_bridge/share/visual_slam_bridge/local_setup.sh
[2.779s] -- Symlinking: /home/sandy/robot_ws/install/visual_slam_bridge/share/visual_slam_bridge/local_setup.zsh
[2.793s] -- Symlinking: /home/sandy/robot_ws/install/visual_slam_bridge/share/visual_slam_bridge/local_setup.dsv
[2.809s] -- Symlinking: /home/sandy/robot_ws/install/visual_slam_bridge/share/visual_slam_bridge/package.dsv
[2.824s] -- Symlinking: /home/sandy/robot_ws/install/visual_slam_bridge/share/ament_index/resource_index/packages/visual_slam_bridge
[2.839s] -- Symlinking: /home/sandy/robot_ws/install/visual_slam_bridge/share/visual_slam_bridge/cmake/visual_slam_bridgeConfig.cmake
[2.854s] -- Symlinking: /home/sandy/robot_ws/install/visual_slam_bridge/share/visual_slam_bridge/cmake/visual_slam_bridgeConfig-version.cmake
[2.868s] -- Symlinking: /home/sandy/robot_ws/install/visual_slam_bridge/share/visual_slam_bridge/package.xml
[2.890s] Invoked command in '/home/sandy/robot_ws/build/visual_slam_bridge' returned '0': CMAKE_PREFIX_PATH=/opt/ros/humble /usr/bin/cmake --install /home/sandy/robot_ws/build/visual_slam_bridge
